2026-01-23 00:06:33 | INFO | Starting Sequence LSTM training
2026-01-23 00:06:33 | INFO | Device: cpu
2026-01-23 00:06:39 | INFO | Train batches: 764
2026-01-23 00:06:39 | INFO | Model parameters: 857,602
2026-01-23 00:06:42 | INFO | Epoch 1 | Batch 0/764 | Loss: 0.0401
2026-01-23 00:06:53 | INFO | Epoch 1 | Batch 100/764 | Loss: 0.0187
2026-01-23 00:07:07 | INFO | Epoch 1 | Batch 200/764 | Loss: 0.0174
2026-01-23 00:07:19 | INFO | Epoch 1 | Batch 300/764 | Loss: 0.0180
2026-01-23 00:07:32 | INFO | Epoch 1 | Batch 400/764 | Loss: 0.0231
2026-01-23 00:07:45 | INFO | Epoch 1 | Batch 500/764 | Loss: 0.0173
2026-01-23 00:07:58 | INFO | Epoch 1 | Batch 600/764 | Loss: 0.0175
2026-01-23 00:08:11 | INFO | Epoch 1 | Batch 700/764 | Loss: 0.0154
2026-01-23 00:08:26 | INFO | Epoch 1 | Train Loss: 0.0207 | Val Loss: 0.0198
2026-01-23 00:08:26 | INFO | Val F1: 0.1908 | Prec: 0.3700 | Rec: 0.1286 | AUC: 0.7758
2026-01-23 00:08:26 | INFO | New best model saved (F1: 0.1908)
2026-01-23 00:08:26 | INFO | Epoch 2 | Batch 0/764 | Loss: 0.0244
2026-01-23 00:08:40 | INFO | Epoch 2 | Batch 100/764 | Loss: 0.0168
2026-01-23 00:08:53 | INFO | Epoch 2 | Batch 200/764 | Loss: 0.0172
2026-01-23 00:09:07 | INFO | Epoch 2 | Batch 300/764 | Loss: 0.0156
2026-01-23 00:09:20 | INFO | Epoch 2 | Batch 400/764 | Loss: 0.0224
2026-01-23 00:09:33 | INFO | Epoch 2 | Batch 500/764 | Loss: 0.0160
2026-01-23 00:09:46 | INFO | Epoch 2 | Batch 600/764 | Loss: 0.0231
2026-01-23 00:09:59 | INFO | Epoch 2 | Batch 700/764 | Loss: 0.0191
2026-01-23 00:10:15 | INFO | Epoch 2 | Train Loss: 0.0197 | Val Loss: 0.0193
2026-01-23 00:10:15 | INFO | Val F1: 0.2316 | Prec: 0.3911 | Rec: 0.1645 | AUC: 0.7824
2026-01-23 00:10:15 | INFO | New best model saved (F1: 0.2316)
2026-01-23 00:10:15 | INFO | Epoch 3 | Batch 0/764 | Loss: 0.0178
2026-01-23 00:10:28 | INFO | Epoch 3 | Batch 100/764 | Loss: 0.0184
2026-01-23 00:10:41 | INFO | Epoch 3 | Batch 200/764 | Loss: 0.0176
2026-01-23 00:10:55 | INFO | Epoch 3 | Batch 300/764 | Loss: 0.0258
2026-01-23 00:11:08 | INFO | Epoch 3 | Batch 400/764 | Loss: 0.0179
2026-01-23 00:11:22 | INFO | Epoch 3 | Batch 500/764 | Loss: 0.0212
2026-01-23 00:11:44 | INFO | Epoch 3 | Batch 600/764 | Loss: 0.0170
2026-01-23 00:12:21 | INFO | Epoch 3 | Batch 700/764 | Loss: 0.0154
