2026-01-16 15:02:50 | INFO | Starting Sequence LSTM training
2026-01-16 15:02:50 | INFO | Device: cpu
2026-01-16 15:02:58 | INFO | Train batches: 764
2026-01-16 15:02:58 | INFO | Model parameters: 857,602
2026-01-16 15:03:03 | INFO | Epoch 1 | Batch 0/764 | Loss: 0.0448
2026-01-16 15:03:16 | INFO | Epoch 1 | Batch 100/764 | Loss: 0.0228
2026-01-16 15:03:29 | INFO | Epoch 1 | Batch 200/764 | Loss: 0.0188
2026-01-16 15:03:43 | INFO | Epoch 1 | Batch 300/764 | Loss: 0.0140
2026-01-16 15:03:56 | INFO | Epoch 1 | Batch 400/764 | Loss: 0.0210
2026-01-16 15:04:09 | INFO | Epoch 1 | Batch 500/764 | Loss: 0.0180
2026-01-16 15:04:23 | INFO | Epoch 1 | Batch 600/764 | Loss: 0.0200
2026-01-16 15:04:39 | INFO | Epoch 1 | Batch 700/764 | Loss: 0.0209
2026-01-16 15:04:55 | INFO | Epoch 1 | Train Loss: 0.0209 | Val Loss: 0.0196
2026-01-16 15:04:55 | INFO | Val F1: 0.2046 | Prec: 0.3682 | Rec: 0.1417 | AUC: 0.7727
2026-01-16 15:04:55 | INFO | New best model saved (F1: 0.2046)
2026-01-16 15:04:55 | INFO | Epoch 2 | Batch 0/764 | Loss: 0.0146
2026-01-16 15:05:06 | INFO | Epoch 2 | Batch 100/764 | Loss: 0.0205
2026-01-16 15:05:17 | INFO | Epoch 2 | Batch 200/764 | Loss: 0.0183
2026-01-16 15:05:28 | INFO | Epoch 2 | Batch 300/764 | Loss: 0.0182
2026-01-16 15:05:38 | INFO | Epoch 2 | Batch 400/764 | Loss: 0.0211
2026-01-16 15:05:47 | INFO | Epoch 2 | Batch 500/764 | Loss: 0.0174
2026-01-16 15:05:57 | INFO | Epoch 2 | Batch 600/764 | Loss: 0.0271
2026-01-16 15:06:07 | INFO | Epoch 2 | Batch 700/764 | Loss: 0.0204
2026-01-16 15:06:18 | INFO | Epoch 2 | Train Loss: 0.0197 | Val Loss: 0.0191
2026-01-16 15:06:18 | INFO | Val F1: 0.2453 | Prec: 0.3709 | Rec: 0.1833 | AUC: 0.7883
2026-01-16 15:06:18 | INFO | New best model saved (F1: 0.2453)
2026-01-16 15:06:18 | INFO | Epoch 3 | Batch 0/764 | Loss: 0.0147
2026-01-16 15:06:27 | INFO | Epoch 3 | Batch 100/764 | Loss: 0.0243
2026-01-16 15:06:36 | INFO | Epoch 3 | Batch 200/764 | Loss: 0.0245
2026-01-16 15:06:45 | INFO | Epoch 3 | Batch 300/764 | Loss: 0.0180
2026-01-16 15:06:54 | INFO | Epoch 3 | Batch 400/764 | Loss: 0.0172
2026-01-16 15:07:03 | INFO | Epoch 3 | Batch 500/764 | Loss: 0.0242
2026-01-16 15:07:13 | INFO | Epoch 3 | Batch 600/764 | Loss: 0.0207
2026-01-16 15:07:22 | INFO | Epoch 3 | Batch 700/764 | Loss: 0.0154
2026-01-16 15:07:34 | INFO | Epoch 3 | Train Loss: 0.0191 | Val Loss: 0.0190
2026-01-16 15:07:34 | INFO | Val F1: 0.2534 | Prec: 0.4025 | Rec: 0.1850 | AUC: 0.7919
2026-01-16 15:07:34 | INFO | New best model saved (F1: 0.2534)
2026-01-16 15:07:34 | INFO | Epoch 4 | Batch 0/764 | Loss: 0.0170
2026-01-16 15:07:45 | INFO | Epoch 4 | Batch 100/764 | Loss: 0.0180
2026-01-16 15:07:54 | INFO | Epoch 4 | Batch 200/764 | Loss: 0.0169
2026-01-16 15:08:04 | INFO | Epoch 4 | Batch 300/764 | Loss: 0.0160
2026-01-16 15:08:15 | INFO | Epoch 4 | Batch 400/764 | Loss: 0.0225
2026-01-16 15:08:25 | INFO | Epoch 4 | Batch 500/764 | Loss: 0.0185
2026-01-16 15:08:37 | INFO | Epoch 4 | Batch 600/764 | Loss: 0.0214
2026-01-16 15:08:53 | INFO | Epoch 4 | Batch 700/764 | Loss: 0.0151
2026-01-16 15:09:08 | INFO | Epoch 4 | Train Loss: 0.0183 | Val Loss: 0.0192
2026-01-16 15:09:08 | INFO | Val F1: 0.2506 | Prec: 0.4202 | Rec: 0.1786 | AUC: 0.7909
2026-01-16 15:09:08 | INFO | Epoch 5 | Batch 0/764 | Loss: 0.0137
2026-01-16 15:09:19 | INFO | Epoch 5 | Batch 100/764 | Loss: 0.0154
2026-01-16 15:09:29 | INFO | Epoch 5 | Batch 200/764 | Loss: 0.0199
2026-01-16 15:09:39 | INFO | Epoch 5 | Batch 300/764 | Loss: 0.0190
2026-01-16 15:09:49 | INFO | Epoch 5 | Batch 400/764 | Loss: 0.0198
2026-01-16 15:09:59 | INFO | Epoch 5 | Batch 500/764 | Loss: 0.0139
2026-01-16 15:10:09 | INFO | Epoch 5 | Batch 600/764 | Loss: 0.0118
2026-01-16 15:10:19 | INFO | Epoch 5 | Batch 700/764 | Loss: 0.0190
2026-01-16 15:10:31 | INFO | Epoch 5 | Train Loss: 0.0175 | Val Loss: 0.0194
2026-01-16 15:10:31 | INFO | Val F1: 0.2343 | Prec: 0.4495 | Rec: 0.1584 | AUC: 0.7937
2026-01-16 15:10:31 | INFO | Epoch 6 | Batch 0/764 | Loss: 0.0146
2026-01-16 15:10:40 | INFO | Epoch 6 | Batch 100/764 | Loss: 0.0122
2026-01-16 15:10:50 | INFO | Epoch 6 | Batch 200/764 | Loss: 0.0138
2026-01-16 15:10:59 | INFO | Epoch 6 | Batch 300/764 | Loss: 0.0236
2026-01-16 15:11:09 | INFO | Epoch 6 | Batch 400/764 | Loss: 0.0176
2026-01-16 15:11:18 | INFO | Epoch 6 | Batch 500/764 | Loss: 0.0150
2026-01-16 15:11:28 | INFO | Epoch 6 | Batch 600/764 | Loss: 0.0237
2026-01-16 15:11:37 | INFO | Epoch 6 | Batch 700/764 | Loss: 0.0245
2026-01-16 15:11:48 | INFO | Epoch 6 | Train Loss: 0.0166 | Val Loss: 0.0196
2026-01-16 15:11:48 | INFO | Val F1: 0.2805 | Prec: 0.3726 | Rec: 0.2249 | AUC: 0.7945
2026-01-16 15:11:48 | INFO | New best model saved (F1: 0.2805)
2026-01-16 15:11:48 | INFO | Epoch 7 | Batch 0/764 | Loss: 0.0200
2026-01-16 15:11:58 | INFO | Epoch 7 | Batch 100/764 | Loss: 0.0112
2026-01-16 15:12:07 | INFO | Epoch 7 | Batch 200/764 | Loss: 0.0223
2026-01-16 15:12:17 | INFO | Epoch 7 | Batch 300/764 | Loss: 0.0194
2026-01-16 15:12:26 | INFO | Epoch 7 | Batch 400/764 | Loss: 0.0128
2026-01-16 15:12:36 | INFO | Epoch 7 | Batch 500/764 | Loss: 0.0180
2026-01-16 15:12:45 | INFO | Epoch 7 | Batch 600/764 | Loss: 0.0152
2026-01-16 15:12:55 | INFO | Epoch 7 | Batch 700/764 | Loss: 0.0234
2026-01-16 15:13:06 | INFO | Epoch 7 | Train Loss: 0.0157 | Val Loss: 0.0204
2026-01-16 15:13:06 | INFO | Val F1: 0.2851 | Prec: 0.3680 | Rec: 0.2326 | AUC: 0.7913
2026-01-16 15:13:06 | INFO | New best model saved (F1: 0.2851)
2026-01-16 15:13:06 | INFO | Epoch 8 | Batch 0/764 | Loss: 0.0149
2026-01-16 15:13:15 | INFO | Epoch 8 | Batch 100/764 | Loss: 0.0161
2026-01-16 15:13:25 | INFO | Epoch 8 | Batch 200/764 | Loss: 0.0153
2026-01-16 15:13:35 | INFO | Epoch 8 | Batch 300/764 | Loss: 0.0172
2026-01-16 15:13:44 | INFO | Epoch 8 | Batch 400/764 | Loss: 0.0133
2026-01-16 15:13:53 | INFO | Epoch 8 | Batch 500/764 | Loss: 0.0142
2026-01-16 15:14:03 | INFO | Epoch 8 | Batch 600/764 | Loss: 0.0116
2026-01-16 15:14:12 | INFO | Epoch 8 | Batch 700/764 | Loss: 0.0149
2026-01-16 15:14:24 | INFO | Epoch 8 | Train Loss: 0.0147 | Val Loss: 0.0232
2026-01-16 15:14:24 | INFO | Val F1: 0.2717 | Prec: 0.3923 | Rec: 0.2078 | AUC: 0.7906
2026-01-16 15:14:24 | INFO | Epoch 9 | Batch 0/764 | Loss: 0.0164
2026-01-16 15:14:33 | INFO | Epoch 9 | Batch 100/764 | Loss: 0.0141
2026-01-16 15:14:43 | INFO | Epoch 9 | Batch 200/764 | Loss: 0.0141
2026-01-16 15:14:52 | INFO | Epoch 9 | Batch 300/764 | Loss: 0.0120
2026-01-16 15:15:02 | INFO | Epoch 9 | Batch 400/764 | Loss: 0.0148
2026-01-16 15:15:11 | INFO | Epoch 9 | Batch 500/764 | Loss: 0.0118
2026-01-16 15:15:21 | INFO | Epoch 9 | Batch 600/764 | Loss: 0.0134
2026-01-16 15:15:30 | INFO | Epoch 9 | Batch 700/764 | Loss: 0.0153
2026-01-16 15:15:42 | INFO | Epoch 9 | Train Loss: 0.0139 | Val Loss: 0.0250
2026-01-16 15:15:42 | INFO | Val F1: 0.2586 | Prec: 0.3449 | Rec: 0.2068 | AUC: 0.7885
2026-01-16 15:15:42 | INFO | Epoch 10 | Batch 0/764 | Loss: 0.0131
2026-01-16 15:15:51 | INFO | Epoch 10 | Batch 100/764 | Loss: 0.0100
2026-01-16 15:16:01 | INFO | Epoch 10 | Batch 200/764 | Loss: 0.0109
2026-01-16 15:16:11 | INFO | Epoch 10 | Batch 300/764 | Loss: 0.0107
2026-01-16 15:16:20 | INFO | Epoch 10 | Batch 400/764 | Loss: 0.0078
2026-01-16 15:16:30 | INFO | Epoch 10 | Batch 500/764 | Loss: 0.0105
2026-01-16 15:16:39 | INFO | Epoch 10 | Batch 600/764 | Loss: 0.0114
2026-01-16 15:16:49 | INFO | Epoch 10 | Batch 700/764 | Loss: 0.0139
2026-01-16 15:17:01 | INFO | Epoch 10 | Train Loss: 0.0120 | Val Loss: 0.0276
2026-01-16 15:17:01 | INFO | Val F1: 0.2883 | Prec: 0.3402 | Rec: 0.2501 | AUC: 0.7830
2026-01-16 15:17:01 | INFO | New best model saved (F1: 0.2883)
2026-01-16 15:17:01 | INFO | Epoch 11 | Batch 0/764 | Loss: 0.0111
2026-01-16 15:17:11 | INFO | Epoch 11 | Batch 100/764 | Loss: 0.0106
2026-01-16 15:17:20 | INFO | Epoch 11 | Batch 200/764 | Loss: 0.0123
2026-01-16 15:17:30 | INFO | Epoch 11 | Batch 300/764 | Loss: 0.0158
2026-01-16 15:17:39 | INFO | Epoch 11 | Batch 400/764 | Loss: 0.0093
2026-01-16 15:17:49 | INFO | Epoch 11 | Batch 500/764 | Loss: 0.0117
2026-01-16 15:17:59 | INFO | Epoch 11 | Batch 600/764 | Loss: 0.0110
2026-01-16 15:18:08 | INFO | Epoch 11 | Batch 700/764 | Loss: 0.0096
2026-01-16 15:18:20 | INFO | Epoch 11 | Train Loss: 0.0110 | Val Loss: 0.0332
2026-01-16 15:18:20 | INFO | Val F1: 0.2814 | Prec: 0.3687 | Rec: 0.2276 | AUC: 0.7800
2026-01-16 15:18:20 | INFO | Epoch 12 | Batch 0/764 | Loss: 0.0105
2026-01-16 15:18:29 | INFO | Epoch 12 | Batch 100/764 | Loss: 0.0117
2026-01-16 15:18:39 | INFO | Epoch 12 | Batch 200/764 | Loss: 0.0142
2026-01-16 15:18:48 | INFO | Epoch 12 | Batch 300/764 | Loss: 0.0134
2026-01-16 15:18:58 | INFO | Epoch 12 | Batch 400/764 | Loss: 0.0116
2026-01-16 15:19:08 | INFO | Epoch 12 | Batch 500/764 | Loss: 0.0125
2026-01-16 15:19:17 | INFO | Epoch 12 | Batch 600/764 | Loss: 0.0103
2026-01-16 15:19:27 | INFO | Epoch 12 | Batch 700/764 | Loss: 0.0117
2026-01-16 15:19:38 | INFO | Epoch 12 | Train Loss: 0.0103 | Val Loss: 0.0339
2026-01-16 15:19:38 | INFO | Val F1: 0.2766 | Prec: 0.3463 | Rec: 0.2303 | AUC: 0.7813
2026-01-16 15:19:38 | INFO | Epoch 13 | Batch 0/764 | Loss: 0.0098
2026-01-16 15:19:48 | INFO | Epoch 13 | Batch 100/764 | Loss: 0.0093
2026-01-16 15:19:57 | INFO | Epoch 13 | Batch 200/764 | Loss: 0.0113
2026-01-16 15:20:07 | INFO | Epoch 13 | Batch 300/764 | Loss: 0.0070
2026-01-16 15:20:16 | INFO | Epoch 13 | Batch 400/764 | Loss: 0.0075
2026-01-16 15:20:26 | INFO | Epoch 13 | Batch 500/764 | Loss: 0.0092
2026-01-16 15:20:36 | INFO | Epoch 13 | Batch 600/764 | Loss: 0.0093
2026-01-16 15:20:45 | INFO | Epoch 13 | Batch 700/764 | Loss: 0.0080
2026-01-16 15:20:57 | INFO | Epoch 13 | Train Loss: 0.0098 | Val Loss: 0.0406
2026-01-16 15:20:57 | INFO | Val F1: 0.2824 | Prec: 0.3300 | Rec: 0.2467 | AUC: 0.7783
2026-01-16 15:20:57 | INFO | Epoch 14 | Batch 0/764 | Loss: 0.0081
2026-01-16 15:21:07 | INFO | Epoch 14 | Batch 100/764 | Loss: 0.0082
2026-01-16 15:21:16 | INFO | Epoch 14 | Batch 200/764 | Loss: 0.0169
2026-01-16 15:21:26 | INFO | Epoch 14 | Batch 300/764 | Loss: 0.0124
2026-01-16 15:21:36 | INFO | Epoch 14 | Batch 400/764 | Loss: 0.0076
2026-01-16 15:21:45 | INFO | Epoch 14 | Batch 500/764 | Loss: 0.0109
2026-01-16 15:21:55 | INFO | Epoch 14 | Batch 600/764 | Loss: 0.0095
2026-01-16 15:22:05 | INFO | Epoch 14 | Batch 700/764 | Loss: 0.0132
2026-01-16 15:22:16 | INFO | Epoch 14 | Train Loss: 0.0093 | Val Loss: 0.0382
2026-01-16 15:22:16 | INFO | Val F1: 0.2922 | Prec: 0.3248 | Rec: 0.2655 | AUC: 0.7811
2026-01-16 15:22:16 | INFO | New best model saved (F1: 0.2922)
2026-01-16 15:22:16 | INFO | Epoch 15 | Batch 0/764 | Loss: 0.0075
2026-01-16 15:22:26 | INFO | Epoch 15 | Batch 100/764 | Loss: 0.0084
2026-01-16 15:22:36 | INFO | Epoch 15 | Batch 200/764 | Loss: 0.0066
2026-01-16 15:22:46 | INFO | Epoch 15 | Batch 300/764 | Loss: 0.0066
2026-01-16 15:22:55 | INFO | Epoch 15 | Batch 400/764 | Loss: 0.0085
2026-01-16 15:23:05 | INFO | Epoch 15 | Batch 500/764 | Loss: 0.0061
2026-01-16 15:23:14 | INFO | Epoch 15 | Batch 600/764 | Loss: 0.0114
2026-01-16 15:23:24 | INFO | Epoch 15 | Batch 700/764 | Loss: 0.0079
2026-01-16 15:23:36 | INFO | Epoch 15 | Train Loss: 0.0088 | Val Loss: 0.0417
2026-01-16 15:23:36 | INFO | Val F1: 0.2869 | Prec: 0.3383 | Rec: 0.2491 | AUC: 0.7835
2026-01-16 15:23:36 | INFO | Epoch 16 | Batch 0/764 | Loss: 0.0059
2026-01-16 15:23:45 | INFO | Epoch 16 | Batch 100/764 | Loss: 0.0070
2026-01-16 15:23:55 | INFO | Epoch 16 | Batch 200/764 | Loss: 0.0063
2026-01-16 15:24:04 | INFO | Epoch 16 | Batch 300/764 | Loss: 0.0056
2026-01-16 15:24:14 | INFO | Epoch 16 | Batch 400/764 | Loss: 0.0066
2026-01-16 15:24:24 | INFO | Epoch 16 | Batch 500/764 | Loss: 0.0084
2026-01-16 15:24:33 | INFO | Epoch 16 | Batch 600/764 | Loss: 0.0078
2026-01-16 15:24:43 | INFO | Epoch 16 | Batch 700/764 | Loss: 0.0087
2026-01-16 15:24:54 | INFO | Epoch 16 | Train Loss: 0.0078 | Val Loss: 0.0522
2026-01-16 15:24:54 | INFO | Val F1: 0.2931 | Prec: 0.3151 | Rec: 0.2739 | AUC: 0.7778
2026-01-16 15:24:54 | INFO | New best model saved (F1: 0.2931)
2026-01-16 15:24:54 | INFO | Epoch 17 | Batch 0/764 | Loss: 0.0064
2026-01-16 15:25:03 | INFO | Epoch 17 | Batch 100/764 | Loss: 0.0062
2026-01-16 15:25:13 | INFO | Epoch 17 | Batch 200/764 | Loss: 0.0065
2026-01-16 15:25:23 | INFO | Epoch 17 | Batch 300/764 | Loss: 0.0092
2026-01-16 15:25:32 | INFO | Epoch 17 | Batch 400/764 | Loss: 0.0046
2026-01-16 15:25:42 | INFO | Epoch 17 | Batch 500/764 | Loss: 0.0064
2026-01-16 15:25:52 | INFO | Epoch 17 | Batch 600/764 | Loss: 0.0097
2026-01-16 15:26:02 | INFO | Epoch 17 | Batch 700/764 | Loss: 0.0084
2026-01-16 15:26:13 | INFO | Epoch 17 | Train Loss: 0.0072 | Val Loss: 0.0553
2026-01-16 15:26:13 | INFO | Val F1: 0.2796 | Prec: 0.2996 | Rec: 0.2622 | AUC: 0.7770
2026-01-16 15:26:13 | INFO | Epoch 18 | Batch 0/764 | Loss: 0.0053
2026-01-16 15:26:23 | INFO | Epoch 18 | Batch 100/764 | Loss: 0.0047
2026-01-16 15:26:33 | INFO | Epoch 18 | Batch 200/764 | Loss: 0.0088
2026-01-16 15:26:43 | INFO | Epoch 18 | Batch 300/764 | Loss: 0.0125
2026-01-16 15:26:52 | INFO | Epoch 18 | Batch 400/764 | Loss: 0.0046
2026-01-16 15:27:02 | INFO | Epoch 18 | Batch 500/764 | Loss: 0.0060
2026-01-16 15:27:11 | INFO | Epoch 18 | Batch 600/764 | Loss: 0.0074
2026-01-16 15:27:21 | INFO | Epoch 18 | Batch 700/764 | Loss: 0.0066
2026-01-16 15:27:33 | INFO | Epoch 18 | Train Loss: 0.0069 | Val Loss: 0.0648
2026-01-16 15:27:33 | INFO | Val F1: 0.2729 | Prec: 0.3341 | Rec: 0.2306 | AUC: 0.7801
2026-01-16 15:27:33 | INFO | Epoch 19 | Batch 0/764 | Loss: 0.0034
2026-01-16 15:27:42 | INFO | Epoch 19 | Batch 100/764 | Loss: 0.0089
2026-01-16 15:27:52 | INFO | Epoch 19 | Batch 200/764 | Loss: 0.0078
2026-01-16 15:28:02 | INFO | Epoch 19 | Batch 300/764 | Loss: 0.0063
2026-01-16 15:28:11 | INFO | Epoch 19 | Batch 400/764 | Loss: 0.0070
2026-01-16 15:28:21 | INFO | Epoch 19 | Batch 500/764 | Loss: 0.0094
2026-01-16 15:28:31 | INFO | Epoch 19 | Batch 600/764 | Loss: 0.0104
2026-01-16 15:28:41 | INFO | Epoch 19 | Batch 700/764 | Loss: 0.0069
2026-01-16 15:28:53 | INFO | Epoch 19 | Train Loss: 0.0067 | Val Loss: 0.0611
2026-01-16 15:28:53 | INFO | Val F1: 0.2831 | Prec: 0.3059 | Rec: 0.2635 | AUC: 0.7810
2026-01-16 15:28:53 | INFO | Epoch 20 | Batch 0/764 | Loss: 0.0077
2026-01-16 15:29:03 | INFO | Epoch 20 | Batch 100/764 | Loss: 0.0068
2026-01-16 15:29:13 | INFO | Epoch 20 | Batch 200/764 | Loss: 0.0059
2026-01-16 15:29:24 | INFO | Epoch 20 | Batch 300/764 | Loss: 0.0109
2026-01-16 15:29:33 | INFO | Epoch 20 | Batch 400/764 | Loss: 0.0081
2026-01-16 15:29:43 | INFO | Epoch 20 | Batch 500/764 | Loss: 0.0051
2026-01-16 15:29:53 | INFO | Epoch 20 | Batch 600/764 | Loss: 0.0037
2026-01-16 15:30:03 | INFO | Epoch 20 | Batch 700/764 | Loss: 0.0052
2026-01-16 15:30:15 | INFO | Epoch 20 | Train Loss: 0.0064 | Val Loss: 0.0643
2026-01-16 15:30:15 | INFO | Val F1: 0.2895 | Prec: 0.3173 | Rec: 0.2662 | AUC: 0.7794
2026-01-16 15:30:15 | INFO | Epoch 21 | Batch 0/764 | Loss: 0.0063
2026-01-16 15:30:25 | INFO | Epoch 21 | Batch 100/764 | Loss: 0.0067
2026-01-16 15:30:35 | INFO | Epoch 21 | Batch 200/764 | Loss: 0.0071
2026-01-16 15:30:44 | INFO | Epoch 21 | Batch 300/764 | Loss: 0.0081
2026-01-16 15:30:54 | INFO | Epoch 21 | Batch 400/764 | Loss: 0.0077
2026-01-16 15:31:03 | INFO | Epoch 21 | Batch 500/764 | Loss: 0.0043
2026-01-16 15:31:13 | INFO | Epoch 21 | Batch 600/764 | Loss: 0.0067
2026-01-16 15:31:23 | INFO | Epoch 21 | Batch 700/764 | Loss: 0.0065
2026-01-16 15:31:34 | INFO | Epoch 21 | Train Loss: 0.0062 | Val Loss: 0.0720
2026-01-16 15:31:34 | INFO | Val F1: 0.2888 | Prec: 0.3255 | Rec: 0.2595 | AUC: 0.7773
2026-01-16 15:31:34 | INFO | Epoch 22 | Batch 0/764 | Loss: 0.0061
2026-01-16 15:31:44 | INFO | Epoch 22 | Batch 100/764 | Loss: 0.0046
2026-01-16 15:31:54 | INFO | Epoch 22 | Batch 200/764 | Loss: 0.0057
2026-01-16 15:32:03 | INFO | Epoch 22 | Batch 300/764 | Loss: 0.0039
2026-01-16 15:32:13 | INFO | Epoch 22 | Batch 400/764 | Loss: 0.0079
2026-01-16 15:32:22 | INFO | Epoch 22 | Batch 500/764 | Loss: 0.0039
2026-01-16 15:32:32 | INFO | Epoch 22 | Batch 600/764 | Loss: 0.0033
2026-01-16 15:32:42 | INFO | Epoch 22 | Batch 700/764 | Loss: 0.0056
2026-01-16 15:32:53 | INFO | Epoch 22 | Train Loss: 0.0057 | Val Loss: 0.0788
2026-01-16 15:32:53 | INFO | Val F1: 0.2899 | Prec: 0.3126 | Rec: 0.2702 | AUC: 0.7789
2026-01-16 15:32:53 | INFO | Epoch 23 | Batch 0/764 | Loss: 0.0038
2026-01-16 15:33:03 | INFO | Epoch 23 | Batch 100/764 | Loss: 0.0064
2026-01-16 15:33:13 | INFO | Epoch 23 | Batch 200/764 | Loss: 0.0036
2026-01-16 15:33:23 | INFO | Epoch 23 | Batch 300/764 | Loss: 0.0058
2026-01-16 15:33:32 | INFO | Epoch 23 | Batch 400/764 | Loss: 0.0055
2026-01-16 15:33:42 | INFO | Epoch 23 | Batch 500/764 | Loss: 0.0068
2026-01-16 15:33:51 | INFO | Epoch 23 | Batch 600/764 | Loss: 0.0051
2026-01-16 15:34:01 | INFO | Epoch 23 | Batch 700/764 | Loss: 0.0058
2026-01-16 15:34:13 | INFO | Epoch 23 | Train Loss: 0.0055 | Val Loss: 0.0827
2026-01-16 15:34:13 | INFO | Val F1: 0.2806 | Prec: 0.3228 | Rec: 0.2481 | AUC: 0.7791
2026-01-16 15:34:13 | INFO | Epoch 24 | Batch 0/764 | Loss: 0.0051
2026-01-16 15:34:23 | INFO | Epoch 24 | Batch 100/764 | Loss: 0.0068
2026-01-16 15:34:33 | INFO | Epoch 24 | Batch 200/764 | Loss: 0.0037
2026-01-16 15:34:42 | INFO | Epoch 24 | Batch 300/764 | Loss: 0.0070
2026-01-16 15:34:52 | INFO | Epoch 24 | Batch 400/764 | Loss: 0.0067
2026-01-16 15:35:02 | INFO | Epoch 24 | Batch 500/764 | Loss: 0.0044
2026-01-16 15:35:12 | INFO | Epoch 24 | Batch 600/764 | Loss: 0.0054
2026-01-16 15:35:22 | INFO | Epoch 24 | Batch 700/764 | Loss: 0.0047
2026-01-16 15:35:35 | INFO | Epoch 24 | Train Loss: 0.0053 | Val Loss: 0.0852
2026-01-16 15:35:35 | INFO | Val F1: 0.2910 | Prec: 0.3260 | Rec: 0.2628 | AUC: 0.7778
2026-01-16 15:35:35 | INFO | Epoch 25 | Batch 0/764 | Loss: 0.0072
2026-01-16 15:35:45 | INFO | Epoch 25 | Batch 100/764 | Loss: 0.0063
2026-01-16 15:35:55 | INFO | Epoch 25 | Batch 200/764 | Loss: 0.0038
2026-01-16 15:36:05 | INFO | Epoch 25 | Batch 300/764 | Loss: 0.0057
2026-01-16 15:36:15 | INFO | Epoch 25 | Batch 400/764 | Loss: 0.0067
2026-01-16 15:36:25 | INFO | Epoch 25 | Batch 500/764 | Loss: 0.0040
2026-01-16 15:36:35 | INFO | Epoch 25 | Batch 600/764 | Loss: 0.0051
2026-01-16 15:36:45 | INFO | Epoch 25 | Batch 700/764 | Loss: 0.0062
2026-01-16 15:36:57 | INFO | Epoch 25 | Train Loss: 0.0053 | Val Loss: 0.0874
2026-01-16 15:36:57 | INFO | Val F1: 0.2745 | Prec: 0.3406 | Rec: 0.2299 | AUC: 0.7791
2026-01-16 15:36:57 | INFO | Epoch 26 | Batch 0/764 | Loss: 0.0074
2026-01-16 15:37:07 | INFO | Epoch 26 | Batch 100/764 | Loss: 0.0054
2026-01-16 15:37:17 | INFO | Epoch 26 | Batch 200/764 | Loss: 0.0048
2026-01-16 15:37:26 | INFO | Epoch 26 | Batch 300/764 | Loss: 0.0046
2026-01-16 15:37:36 | INFO | Epoch 26 | Batch 400/764 | Loss: 0.0057
2026-01-16 15:37:46 | INFO | Epoch 26 | Batch 500/764 | Loss: 0.0087
2026-01-16 15:37:56 | INFO | Epoch 26 | Batch 600/764 | Loss: 0.0041
2026-01-16 15:38:05 | INFO | Epoch 26 | Batch 700/764 | Loss: 0.0051
2026-01-16 15:38:17 | INFO | Epoch 26 | Train Loss: 0.0052 | Val Loss: 0.0850
2026-01-16 15:38:17 | INFO | Val F1: 0.2862 | Prec: 0.3162 | Rec: 0.2615 | AUC: 0.7764
2026-01-16 15:38:17 | INFO | Early stopping at epoch 26
2026-01-16 15:38:26 | INFO | ==================================================
2026-01-16 15:38:26 | INFO | TEST RESULTS (Sequence LSTM)
2026-01-16 15:38:26 | INFO | ==================================================
2026-01-16 15:38:26 | INFO | F1: 0.2913
2026-01-16 15:38:26 | INFO | Precision: 0.3098
2026-01-16 15:38:26 | INFO | Recall: 0.2749
2026-01-16 15:38:26 | INFO | AUC: 0.7709
